tweet-ui/build/outputs/logs/manifest-merger-debug-report.txt
-- Merging decision tree log ---
manifest
ADDED from src\main\AndroidManifest.xml:18:1-34:12
INJECTED from src\main\AndroidManifest.xml:18:1-34:12
INJECTED from src\main\AndroidManifest.xml:18:1-34:12
INJECTED from src\main\AndroidManifest.xml:18:1-34:12
MERGED from src\main\AndroidManifest.xml:18:1-34:12
INJECTED from src\debug\AndroidManifest.xml:18:1-29:12
INJECTED from src\debug\AndroidManifest.xml:18:1-29:12
INJECTED from src\debug\AndroidManifest.xml:18:1-29:12
	package
		ADDED from src\main\AndroidManifest.xml:19:5-46
		INJECTED from src\main\AndroidManifest.xml
		INJECTED from src\debug\AndroidManifest.xml
	android:versionName
		INJECTED from src\main\AndroidManifest.xml
		ADDED from src\main\AndroidManifest.xml:18:1-34:12
		INJECTED from src\debug\AndroidManifest.xml
	xmlns:tools
		ADDED from src\debug\AndroidManifest.xml:19:11-57
	android:versionCode
		INJECTED from src\main\AndroidManifest.xml
		ADDED from src\main\AndroidManifest.xml:18:1-34:12
		INJECTED from src\debug\AndroidManifest.xml
	xmlns:android
		ADDED from src\main\AndroidManifest.xml:20:5-63
uses-permission#android.permission.INTERNET
ADDED from src\main\AndroidManifest.xml:22:5-66
	android:name
		ADDED from src\main\AndroidManifest.xml:22:22-64
application
ADDED from src\main\AndroidManifest.xml:24:5-32:19
MERGED from src\main\AndroidManifest.xml:24:5-32:19
MERGED from src\main\AndroidManifest.xml:24:5-32:19
	tools:ignore
		ADDED from src\debug\AndroidManifest.xml:25:9-39
	android:largeHeap
		ADDED from src\debug\AndroidManifest.xml:24:9-33
	android:allowBackup
		ADDED from src\debug\AndroidManifest.xml:23:9-35
activity#com.twitter.sdk.android.tweetui.PlayerActivity
ADDED from src\main\AndroidManifest.xml:25:9-28:48
	android:configChanges
		ADDED from src\main\AndroidManifest.xml:27:13-74
	android:theme
		ADDED from src\main\AndroidManifest.xml:28:13-46
	android:name
		ADDED from src\main\AndroidManifest.xml:26:13-43
activity#com.twitter.sdk.android.tweetui.GalleryActivity
ADDED from src\main\AndroidManifest.xml:29:9-31:48
	android:theme
		ADDED from src\main\AndroidManifest.xml:31:13-46
	android:name
		ADDED from src\main\AndroidManifest.xml:30:13-44
uses-sdk
INJECTED from src\main\AndroidManifest.xml reason: use-sdk injection requested
INJECTED from src\main\AndroidManifest.xml
INJECTED from src\debug\AndroidManifest.xml
	android:minSdkVersion
		INJECTED from src\main\AndroidManifest.xml
		INJECTED from src\debug\AndroidManifest.xml
uses-library#android.test.runner
ADDED from src\debug\AndroidManifest.xml:27:9-60
	android:name
		ADDED from src\debug\AndroidManifest.xml:27:23-57